[2026-01-31 11:48:53] CRITICAL: PayPal credentials not configured! Update config/paypal-config.php with your credentials.
[2026-01-31 11:48:59] Failed to get access token. HTTP Code: 401. Response: {"error":"invalid_client","error_description":"Client Authentication failed"}
[2026-01-31 11:48:59] Exception: Failed to authenticate with PayPal. Please try again later.
[2026-01-31 12:10:47] CRITICAL: PayPal credentials not configured! Update config/paypal-config.php with your credentials.
[2026-01-31 12:10:49] Failed to get access token. HTTP Code: 401. Response: {"error":"invalid_client","error_description":"Client Authentication failed"}
[2026-01-31 12:10:49] Exception: Failed to authenticate with PayPal. Please try again later.
[2026-01-31 12:14:32] CRITICAL: PayPal credentials not configured! Update config/paypal-config.php with your credentials.
[2026-01-31 12:14:34] Failed to get access token. HTTP Code: 401. Response: {"error":"invalid_client","error_description":"Client Authentication failed"}
[2026-01-31 12:14:34] Exception: Failed to authenticate with PayPal. Please try again later.
[2026-01-31 13:47:44] CRITICAL: PayPal credentials not configured! Update config/paypal-config.php with your credentials.
[2026-01-31 13:47:46] Failed to get access token. HTTP Code: 401. Response: {"error":"invalid_client","error_description":"Client Authentication failed"}
[2026-01-31 13:47:46] Exception: Failed to authenticate with PayPal. Please try again later.
[2026-01-31 13:50:24] CRITICAL: PayPal credentials not configured! Update config/paypal-config.php with your credentials.
[2026-01-31 13:50:26] Failed to get access token. HTTP Code: 401. Response: {"error":"invalid_client","error_description":"Client Authentication failed"}
[2026-01-31 13:50:26] Exception: Failed to authenticate with PayPal. Please try again later.
[2026-01-31 14:00:08] CRITICAL: PayPal credentials not configured! Update config/paypal-config.php with your credentials.
[2026-01-31 14:00:10] Failed to get access token. HTTP Code: 401. Response: {"error":"invalid_client","error_description":"Client Authentication failed"}
[2026-01-31 14:00:10] Exception: Failed to authenticate with PayPal. Please try again later.
[2026-01-31 14:08:06] Failed to get access token. HTTP Code: 0. Response: 
[2026-01-31 14:08:06] Exception: Failed to authenticate with PayPal. Please try again later.
[2026-01-31 14:20:00] Failed to get access token. HTTP Code: 401. Error: Client Authentication failed
[2026-01-31 14:20:00] Exception: Failed to authenticate with PayPal. Please check your PayPal Sandbox credentials and ensure PAYPAL_IS_SANDBOX is set correctly. Details: Failed to get access token. HTTP Code: 401. Error: Client Authentication failed
[2026-02-10 18:53:50] Failed to get access token. HTTP Code: 0. Response: 
